<?xml version="1.0" encoding="UTF-8"?>
<!-- Generated by org.testng.reporters.JUnitXMLReporter -->
<testsuite ignored="0" hostname="LIYA" failures="0" tests="17" name="edgetest" time="2.906" errors="0" timestamp="2025-08-29T02:59:28 IST">
  <testcase classname="testCases.TC02_AccountLogin" name="verify_login_navigation_link" time="0.0">
    <skipped/>
  </testcase> <!-- verify_login_navigation_link -->
  <testcase classname="testCases.TC02_AccountLogin" name="verify_login_navigation_RightColumn" time="0.0">
    <skipped/>
  </testcase> <!-- verify_login_navigation_RightColumn -->
  <testcase classname="testCases.TC02_AccountLogin" name="verify_login_navigation_MyAccount" time="0.0">
    <skipped/>
  </testcase> <!-- verify_login_navigation_MyAccount -->
  <testcase classname="testCases.TC02_AccountLogin" name="verify_login_ValidCredentials" time="0.0">
    <skipped/>
  </testcase> <!-- verify_login_ValidCredentials -->
  <testcase classname="testCases.TC02_AccountLogin" name="verify_login_NotRegisteredUsername" time="0.0">
    <skipped/>
  </testcase> <!-- verify_login_NotRegisteredUsername -->
  <testcase classname="testCases.TC02_AccountLogin" name="verify_login_WrongPwd" time="0.0">
    <skipped/>
  </testcase> <!-- verify_login_WrongPwd -->
  <testcase classname="testCases.TC02_AccountLogin" name="verify_login_EmptyPwd" time="0.0">
    <skipped/>
  </testcase> <!-- verify_login_EmptyPwd -->
  <testcase classname="testCases.TC02_AccountLogin" name="verify_login_EmptyUN" time="0.0">
    <skipped/>
  </testcase> <!-- verify_login_EmptyUN -->
  <testcase classname="testCases.TC02_AccountLogin" name="verifyLogin_EmptyUN_PWD" time="0.0">
    <skipped/>
  </testcase> <!-- verifyLogin_EmptyUN_PWD -->
  <testcase classname="testCases.TC02_AccountLogin" name="verifyLogin_PwdToggled" time="0.0">
    <skipped/>
  </testcase> <!-- verifyLogin_PwdToggled -->
  <testcase classname="testCases.TC02_AccountLogin" name="verifyLogin_PwdInPageSource" time="0.0">
    <skipped/>
  </testcase> <!-- verifyLogin_PwdInPageSource -->
  <testcase classname="testCases.TC02_AccountLogin" name="verify_ForgotPwdLink" time="0.0">
    <skipped/>
  </testcase> <!-- verify_ForgotPwdLink -->
  <testcase classname="testCases.TC02_AccountLogin" name="verify_ForgotPwdPage" time="0.0">
    <skipped/>
  </testcase> <!-- verify_ForgotPwdPage -->
  <testcase classname="testCases.TC02_AccountLogin" name="verify_ForgotPwd02" time="0.0">
    <skipped/>
  </testcase> <!-- verify_ForgotPwd02 -->
  <testcase classname="testCases.TC02_AccountLogin" name="verify_ForgotPwd03" time="0.0">
    <skipped/>
  </testcase> <!-- verify_ForgotPwd03 -->
  <testcase classname="testCases.TC02_AccountLogin" name="verify_Login_Placeholders" time="0.0">
    <skipped/>
  </testcase> <!-- verify_Login_Placeholders -->
  <testcase classname="testCases.TC02_AccountLogin" name="verifyLogin_OnlySpaces" time="0.0">
    <skipped/>
  </testcase> <!-- verifyLogin_OnlySpaces -->
</testsuite> <!-- edgetest -->
