<?xml version="1.0" encoding="UTF-8"?>
<!-- Generated by org.testng.reporters.JUnitXMLReporter -->
<testsuite ignored="0" hostname="LIYA" failures="0" tests="31" name="safaritest" time="3.171" errors="0" timestamp="2025-08-29T02:51:47 IST">
  <testcase classname="testCases.TC04_ForgotPassword" name="verifyForgotPwd_fromLoginPage" time="0.0">
    <skipped/>
  </testcase> <!-- verifyForgotPwd_fromLoginPage -->
  <testcase classname="testCases.TC03_AccountLogout" name="verifyLogout_AfterLogin" time="0.0">
    <skipped/>
  </testcase> <!-- verifyLogout_AfterLogin -->
  <testcase classname="testCases.TC02_AccountLogin" name="verify_login_navigation_link" time="0.0">
    <skipped/>
  </testcase> <!-- verify_login_navigation_link -->
  <testcase classname="testCases.TC04_ForgotPassword" name="verifyForgotPwd_fromRightColumn" time="0.0">
    <skipped/>
  </testcase> <!-- verifyForgotPwd_fromRightColumn -->
  <testcase classname="testCases.TC03_AccountLogout" name="verifyLogout_fromMyAccount" time="0.001">
    <skipped/>
  </testcase> <!-- verifyLogout_fromMyAccount -->
  <testcase classname="testCases.TC02_AccountLogin" name="verify_login_navigation_RightColumn" time="0.001">
    <skipped/>
  </testcase> <!-- verify_login_navigation_RightColumn -->
  <testcase classname="testCases.TC04_ForgotPassword" name="verifyForgotPwd_AskValidEmail" time="0.0">
    <skipped/>
  </testcase> <!-- verifyForgotPwd_AskValidEmail -->
  <testcase classname="testCases.TC03_AccountLogout" name="verifyLogout_fromRightColumn" time="0.0">
    <skipped/>
  </testcase> <!-- verifyLogout_fromRightColumn -->
  <testcase classname="testCases.TC02_AccountLogin" name="verify_login_navigation_MyAccount" time="0.0">
    <skipped/>
  </testcase> <!-- verify_login_navigation_MyAccount -->
  <testcase classname="testCases.TC04_ForgotPassword" name="verifyForgotPwd_SuccessMsg" time="0.0">
    <skipped/>
  </testcase> <!-- verifyForgotPwd_SuccessMsg -->
  <testcase classname="testCases.TC03_AccountLogout" name="verifyLogout_Browseback" time="0.001">
    <skipped/>
  </testcase> <!-- verifyLogout_Browseback -->
  <testcase classname="testCases.TC02_AccountLogin" name="verify_login_ValidCredentials" time="0.0">
    <skipped/>
  </testcase> <!-- verify_login_ValidCredentials -->
  <testcase classname="testCases.TC04_ForgotPassword" name="verifyForgotPwd_FailureMsg" time="0.0">
    <skipped/>
  </testcase> <!-- verifyForgotPwd_FailureMsg -->
  <testcase classname="testCases.TC03_AccountLogout" name="verifyLogoutNotDisplayedBeforeLoggingIn" time="0.0">
    <skipped/>
  </testcase> <!-- verifyLogoutNotDisplayedBeforeLoggingIn -->
  <testcase classname="testCases.TC02_AccountLogin" name="verify_login_NotRegisteredUsername" time="0.0">
    <skipped/>
  </testcase> <!-- verify_login_NotRegisteredUsername -->
  <testcase classname="testCases.TC04_ForgotPassword" name="verifyForgotPwd_FailureMsgIfNoEmail" time="0.0">
    <skipped/>
  </testcase> <!-- verifyForgotPwd_FailureMsgIfNoEmail -->
  <testcase classname="testCases.TC03_AccountLogout" name="verify_ProperMessageAfterLogout" time="0.0">
    <skipped/>
  </testcase> <!-- verify_ProperMessageAfterLogout -->
  <testcase classname="testCases.TC02_AccountLogin" name="verify_login_WrongPwd" time="0.0">
    <skipped/>
  </testcase> <!-- verify_login_WrongPwd -->
  <testcase classname="testCases.TC04_ForgotPassword" name="verifyForgotPwd_Placeholder_email" time="0.0">
    <skipped/>
  </testcase> <!-- verifyForgotPwd_Placeholder_email -->
  <testcase classname="testCases.TC02_AccountLogin" name="verify_login_EmptyPwd" time="0.0">
    <skipped/>
  </testcase> <!-- verify_login_EmptyPwd -->
  <testcase classname="testCases.TC04_ForgotPassword" name="verifyForgotPwd_loggingInAfterReset" time="0.0">
    <skipped/>
  </testcase> <!-- verifyForgotPwd_loggingInAfterReset -->
  <testcase classname="testCases.TC02_AccountLogin" name="verify_login_EmptyUN" time="0.001">
    <skipped/>
  </testcase> <!-- verify_login_EmptyUN -->
  <testcase classname="testCases.TC02_AccountLogin" name="verifyLogin_EmptyUN_PWD" time="0.0">
    <skipped/>
  </testcase> <!-- verifyLogin_EmptyUN_PWD -->
  <testcase classname="testCases.TC02_AccountLogin" name="verifyLogin_PwdToggled" time="0.0">
    <skipped/>
  </testcase> <!-- verifyLogin_PwdToggled -->
  <testcase classname="testCases.TC02_AccountLogin" name="verifyLogin_PwdInPageSource" time="0.0">
    <skipped/>
  </testcase> <!-- verifyLogin_PwdInPageSource -->
  <testcase classname="testCases.TC02_AccountLogin" name="verify_ForgotPwdLink" time="0.0">
    <skipped/>
  </testcase> <!-- verify_ForgotPwdLink -->
  <testcase classname="testCases.TC02_AccountLogin" name="verify_ForgotPwdPage" time="0.0">
    <skipped/>
  </testcase> <!-- verify_ForgotPwdPage -->
  <testcase classname="testCases.TC02_AccountLogin" name="verify_ForgotPwd02" time="0.0">
    <skipped/>
  </testcase> <!-- verify_ForgotPwd02 -->
  <testcase classname="testCases.TC02_AccountLogin" name="verify_ForgotPwd03" time="0.0">
    <skipped/>
  </testcase> <!-- verify_ForgotPwd03 -->
  <testcase classname="testCases.TC02_AccountLogin" name="verify_Login_Placeholders" time="0.0">
    <skipped/>
  </testcase> <!-- verify_Login_Placeholders -->
  <testcase classname="testCases.TC02_AccountLogin" name="verifyLogin_OnlySpaces" time="0.001">
    <skipped/>
  </testcase> <!-- verifyLogin_OnlySpaces -->
</testsuite> <!-- safaritest -->
