<?xml version="1.0" encoding="UTF-8"?>
<!-- Generated by org.testng.reporters.JUnitXMLReporter -->
<testsuite ignored="13" hostname="LIYA" failures="0" tests="4" name="Test" time="18.791" errors="0" timestamp="2025-09-08T20:22:57 IST">
  <testcase classname="testCases.TC02_AccountLogin" name="verify_login_navigation_link" time="1.532"/>
  <testcase classname="testCases.TC02_AccountLogin" name="verify_login_navigation_RightColumn" time="0.405"/>
  <testcase classname="testCases.TC02_AccountLogin" name="verify_login_ValidCredentials" time="7.229"/>
  <testcase classname="testCases.TC02_AccountLogin" name="verify_ForgotPwdPage" time="1.822"/>
  <testcase classname="testCases.TC02_AccountLogin" name="verifyLogin_EmptyUN_PWD" time="0.0">
    <ignored/>
  </testcase> <!-- verifyLogin_EmptyUN_PWD -->
  <testcase classname="testCases.TC02_AccountLogin" name="verify_login_EmptyPwd" time="0.0">
    <ignored/>
  </testcase> <!-- verify_login_EmptyPwd -->
  <testcase classname="testCases.TC02_AccountLogin" name="verify_login_EmptyUN" time="0.0">
    <ignored/>
  </testcase> <!-- verify_login_EmptyUN -->
  <testcase classname="testCases.TC02_AccountLogin" name="verifyLogin_PwdToggled" time="0.0">
    <ignored/>
  </testcase> <!-- verifyLogin_PwdToggled -->
  <testcase classname="testCases.TC02_AccountLogin" name="verify_login_navigation_MyAccount" time="0.0">
    <ignored/>
  </testcase> <!-- verify_login_navigation_MyAccount -->
  <testcase classname="testCases.TC02_AccountLogin" name="verify_login_WrongPwd" time="0.0">
    <ignored/>
  </testcase> <!-- verify_login_WrongPwd -->
  <testcase classname="testCases.TC02_AccountLogin" name="verify_ForgotPwd02" time="0.0">
    <ignored/>
  </testcase> <!-- verify_ForgotPwd02 -->
  <testcase classname="testCases.TC02_AccountLogin" name="verify_ForgotPwd03" time="0.0">
    <ignored/>
  </testcase> <!-- verify_ForgotPwd03 -->
  <testcase classname="testCases.TC02_AccountLogin" name="verify_login_NotRegisteredUsername" time="0.0">
    <ignored/>
  </testcase> <!-- verify_login_NotRegisteredUsername -->
  <testcase classname="testCases.TC02_AccountLogin" name="verify_Login_Placeholders" time="0.0">
    <ignored/>
  </testcase> <!-- verify_Login_Placeholders -->
  <testcase classname="testCases.TC02_AccountLogin" name="verifyLogin_PwdInPageSource" time="0.0">
    <ignored/>
  </testcase> <!-- verifyLogin_PwdInPageSource -->
  <testcase classname="testCases.TC02_AccountLogin" name="verifyLogin_OnlySpaces" time="0.0">
    <ignored/>
  </testcase> <!-- verifyLogin_OnlySpaces -->
  <testcase classname="testCases.TC02_AccountLogin" name="verify_ForgotPwdLink" time="0.0">
    <ignored/>
  </testcase> <!-- verify_ForgotPwdLink -->
</testsuite> <!-- Test -->
