<?xml version="1.0" encoding="UTF-8"?>
<testsuite xmlns:xsi="http://www.w3.org/2001/XMLSchema-instance" xsi:noNamespaceSchemaLocation="https://maven.apache.org/surefire/maven-surefire-plugin/xsd/surefire-test-report.xsd" version="3.0.2" name="TestSuite" time="993.734" tests="74" errors="0" skipped="0" failures="3">
  <properties>
[...]
</properties>
  <testcase name="verify_login_navigation_link" classname="testCases.TC02_AccountLogin" time="1.313">
    <system-err><![CDATA[SLF4J(W): No SLF4J providers were found.
SLF4J(W): Defaulting to no-operation (NOP) logger implementation
SLF4J(W): See https://www.slf4j.org/codes.html#noProviders for further details.
SLF4J(W): Class path contains SLF4J bindings targeting slf4j-api versions 1.7.x or earlier.
SLF4J(W): Ignoring binding found at [jar:file:/C:/Users/user/.m2/repository/org/apache/logging/log4j/log4j-slf4j-impl/2.25.1/log4j-slf4j-impl-2.25.1.jar!/org/slf4j/impl/StaticLoggerBinder.class]
SLF4J(W): Ignoring binding found at [jar:file:/C:/Users/user/.m2/repository/org/slf4j/slf4j-simple/1.7.36/slf4j-simple-1.7.36.jar!/org/slf4j/impl/StaticLoggerBinder.class]
SLF4J(W): See https://www.slf4j.org/codes.html#ignoredBindings for an explanation.
Sep 11, 2025 1:03:15 AM org.openqa.selenium.devtools.CdpVersionFinder findNearestMatch
WARNING: Unable to find CDP implementation matching 140
Sep 11, 2025 1:03:15 AM org.openqa.selenium.chromium.ChromiumDriver lambda$new$5
WARNING: Unable to find version of CDP to use for 140.0.7339.82. You may need to include a dependency on a specific version of the CDP using something similar to `org.seleniumhq.selenium:selenium-devtools-v86:4.15.0` where the version ("v86") matches the version of the chromium-based browser you're using and the version number of the artifact is the same as Selenium's.
]]></system-err>
  </testcase>
  <testcase name="verify_login_navigation_RightColumn" classname="testCases.TC02_AccountLogin" time="0.479"/>
  <testcase name="verify_login_navigation_MyAccount" classname="testCases.TC02_AccountLogin" time="1.14"/>
  <testcase name="verify_login_ValidCredentials" classname="testCases.TC02_AccountLogin" time="5.789"/>
  <testcase name="verify_login_NotRegisteredUsername" classname="testCases.TC02_AccountLogin" time="2.87"/>
  <testcase name="verify_login_WrongPwd" classname="testCases.TC02_AccountLogin" time="4.415"/>
  <testcase name="verify_login_EmptyPwd" classname="testCases.TC02_AccountLogin" time="3.879"/>
  <testcase name="verify_login_EmptyUN" classname="testCases.TC02_AccountLogin" time="3.414"/>
  <testcase name="verifyLogin_EmptyUN_PWD" classname="testCases.TC02_AccountLogin" time="3.513"/>
  <testcase name="verifyLogin_PwdToggled" classname="testCases.TC02_AccountLogin" time="1.072"/>
  <testcase name="verifyLogin_PwdInPageSource" classname="testCases.TC02_AccountLogin" time="1.081"/>
  <testcase name="verify_ForgotPwdLink" classname="testCases.TC02_AccountLogin" time="0.959"/>
  <testcase name="verify_ForgotPwdPage" classname="testCases.TC02_AccountLogin" time="0.934"/>
  <testcase name="verify_ForgotPwd02" classname="testCases.TC02_AccountLogin" time="0.945"/>
  <testcase name="verify_ForgotPwd03" classname="testCases.TC02_AccountLogin" time="0.812"/>
  <testcase name="verify_Login_Placeholders" classname="testCases.TC02_AccountLogin" time="0.537">
    <system-out><![CDATA[No proper placeholders
]]></system-out>
  </testcase>
  <testcase name="verifyLogin_OnlySpaces" classname="testCases.TC02_AccountLogin" time="3.446"/>
  <testcase name="verifyOpeningBrowserWithoutLoggingOut" classname="testCases.TC02_AccountLogin" time="20.386">
    <failure message="element not interactable&#10;  (Session info: chrome=140.0.7339.82)&#10;Build info: version: &apos;4.15.0&apos;, revision: &apos;1d14b5521b&apos;&#10;System info: os.name: &apos;Windows 11&apos;, os.arch: &apos;amd64&apos;, os.version: &apos;10.0&apos;, java.version: &apos;17.0.12&apos;&#10;Driver info: org.openqa.selenium.chrome.ChromeDriver&#10;Command: [9be94fb0d7d0aba2a84e7352ae2295cd, clickElement {id=f.A6074833957768B20A57BA9FA1CE5D54.d.3552CB725521361D4E33E9567498C4E3.e.583}]&#10;Capabilities {acceptInsecureCerts: false, browserName: chrome, browserVersion: 140.0.7339.82, chrome: {chromedriverVersion: 140.0.7339.82 (bc93617e21c3..., userDataDir: C:\Users\user\AppData\Local...}, fedcm:accounts: true, goog:chromeOptions: {debuggerAddress: localhost:61182}, networkConnectionEnabled: false, pageLoadStrategy: normal, platformName: windows, proxy: Proxy(), se:cdp: ws://localhost:61182/devtoo..., se:cdpVersion: 140.0.7339.82, setWindowRect: true, strictFileInteractability: false, timeouts: {implicit: 0, pageLoad: 300000, script: 30000}, unhandledPromptBehavior: dismiss and notify, webauthn:extension:credBlob: true, webauthn:extension:largeBlob: true, webauthn:extension:minPinLength: true, webauthn:extension:prf: true, webauthn:virtualAuthenticators: true}&#10;Element: [[ChromeDriver: chrome on windows (9be94fb0d7d0aba2a84e7352ae2295cd)] -&gt; xpath: //ul[@class=&apos;dropdown-menu dropdown-menu-right&apos;]//a[normalize-space()=&apos;Login&apos;]]&#10;Session ID: 9be94fb0d7d0aba2a84e7352ae2295cd" type="org.openqa.selenium.ElementNotInteractableException"><![CDATA[org.openqa.selenium.ElementNotInteractableException: 
element not interactable
  (Session info: chrome=140.0.7339.82)
Build info: version: '4.15.0', revision: '1d14b5521b'
System info: os.name: 'Windows 11', os.arch: 'amd64', os.version: '10.0', java.version: '17.0.12'
Driver info: org.openqa.selenium.chrome.ChromeDriver
Command: [9be94fb0d7d0aba2a84e7352ae2295cd, clickElement {id=f.A6074833957768B20A57BA9FA1CE5D54.d.3552CB725521361D4E33E9567498C4E3.e.583}]
Capabilities {acceptInsecureCerts: false, browserName: chrome, browserVersion: 140.0.7339.82, chrome: {chromedriverVersion: 140.0.7339.82 (bc93617e21c3..., userDataDir: C:\Users\user\AppData\Local...}, fedcm:accounts: true, goog:chromeOptions: {debuggerAddress: localhost:61182}, networkConnectionEnabled: false, pageLoadStrategy: normal, platformName: windows, proxy: Proxy(), se:cdp: ws://localhost:61182/devtoo..., se:cdpVersion: 140.0.7339.82, setWindowRect: true, strictFileInteractability: false, timeouts: {implicit: 0, pageLoad: 300000, script: 30000}, unhandledPromptBehavior: dismiss and notify, webauthn:extension:credBlob: true, webauthn:extension:largeBlob: true, webauthn:extension:minPinLength: true, webauthn:extension:prf: true, webauthn:virtualAuthenticators: true}
Element: [[ChromeDriver: chrome on windows (9be94fb0d7d0aba2a84e7352ae2295cd)] -> xpath: //ul[@class='dropdown-menu dropdown-menu-right']//a[normalize-space()='Login']]
Session ID: 9be94fb0d7d0aba2a84e7352ae2295cd
	at java.base/jdk.internal.reflect.NativeConstructorAccessorImpl.newInstance0(Native Method)
	at java.base/jdk.internal.reflect.NativeConstructorAccessorImpl.newInstance(NativeConstructorAccessorImpl.java:77)
	at java.base/jdk.internal.reflect.DelegatingConstructorAccessorImpl.newInstance(DelegatingConstructorAccessorImpl.java:45)
	at java.base/java.lang.reflect.Constructor.newInstanceWithCaller(Constructor.java:499)
	at java.base/java.lang.reflect.Constructor.newInstance(Constructor.java:480)
	at org.openqa.selenium.remote.codec.w3c.W3CHttpResponseCodec.createException(W3CHttpResponseCodec.java:200)
	at org.openqa.selenium.remote.codec.w3c.W3CHttpResponseCodec.decode(W3CHttpResponseCodec.java:133)
	at org.openqa.selenium.remote.codec.w3c.W3CHttpResponseCodec.decode(W3CHttpResponseCodec.java:52)
	at org.openqa.selenium.remote.HttpCommandExecutor.execute(HttpCommandExecutor.java:191)
	at org.openqa.selenium.remote.service.DriverCommandExecutor.invokeExecute(DriverCommandExecutor.java:200)
	at org.openqa.selenium.remote.service.DriverCommandExecutor.execute(DriverCommandExecutor.java:175)
	at org.openqa.selenium.remote.RemoteWebDriver.execute(RemoteWebDriver.java:607)
	at org.openqa.selenium.remote.RemoteWebElement.execute(RemoteWebElement.java:224)
	at org.openqa.selenium.remote.RemoteWebElement.click(RemoteWebElement.java:77)
	at jdk.internal.reflect.GeneratedMethodAccessor1.invoke(Unknown Source)
	at java.base/jdk.internal.reflect.DelegatingMethodAccessorImpl.invoke(DelegatingMethodAccessorImpl.java:43)
	at java.base/java.lang.reflect.Method.invoke(Method.java:568)
	at org.openqa.selenium.support.pagefactory.internal.LocatingElementHandler.invoke(LocatingElementHandler.java:51)
	at jdk.proxy2/jdk.proxy2.$Proxy27.click(Unknown Source)
	at pageObjects.HomePage.clicklogin(HomePage.java:99)
	at testCases.TC02_AccountLogin.verifyOpeningBrowserWithoutLoggingOut(TC02_AccountLogin.java:413)
	at java.base/jdk.internal.reflect.NativeMethodAccessorImpl.invoke0(Native Method)
	at java.base/jdk.internal.reflect.NativeMethodAccessorImpl.invoke(NativeMethodAccessorImpl.java:77)
	at java.base/jdk.internal.reflect.DelegatingMethodAccessorImpl.invoke(DelegatingMethodAccessorImpl.java:43)
	at java.base/java.lang.reflect.Method.invoke(Method.java:568)
	at org.testng.internal.invokers.MethodInvocationHelper.invokeMethod(MethodInvocationHelper.java:141)
	at org.testng.internal.invokers.TestInvoker.invokeMethod(TestInvoker.java:687)
	at org.testng.internal.invokers.TestInvoker.invokeTestMethod(TestInvoker.java:230)
	at org.testng.internal.invokers.MethodRunner.runInSequence(MethodRunner.java:63)
	at org.testng.internal.invokers.TestInvoker$MethodInvocationAgent.invoke(TestInvoker.java:995)
	at org.testng.internal.invokers.TestInvoker.invokeTestMethods(TestInvoker.java:203)
	at org.testng.internal.invokers.TestMethodWorker.invokeTestMethods(TestMethodWorker.java:154)
	at org.testng.internal.invokers.TestMethodWorker.run(TestMethodWorker.java:134)
	at java.base/java.util.ArrayList.forEach(ArrayList.java:1511)
	at org.testng.TestRunner.privateRun(TestRunner.java:741)
	at org.testng.TestRunner.run(TestRunner.java:616)
	at org.testng.SuiteRunner.runTest(SuiteRunner.java:421)
	at org.testng.SuiteRunner.runSequentially(SuiteRunner.java:413)
	at org.testng.SuiteRunner.privateRun(SuiteRunner.java:373)
	at org.testng.SuiteRunner.run(SuiteRunner.java:312)
	at org.testng.SuiteRunnerWorker.runSuite(SuiteRunnerWorker.java:52)
	at org.testng.SuiteRunnerWorker.run(SuiteRunnerWorker.java:95)
	at org.testng.TestNG.runSuitesSequentially(TestNG.java:1274)
	at org.testng.TestNG.runSuitesLocally(TestNG.java:1208)
	at org.testng.TestNG.runSuites(TestNG.java:1112)
	at org.testng.TestNG.run(TestNG.java:1079)
	at org.apache.maven.surefire.testng.TestNGExecutor.run(TestNGExecutor.java:308)
	at org.apache.maven.surefire.testng.TestNGXmlTestSuite.execute(TestNGXmlTestSuite.java:71)
	at org.apache.maven.surefire.testng.TestNGProvider.invoke(TestNGProvider.java:113)
	at org.apache.maven.surefire.booter.ForkedBooter.runSuitesInProcess(ForkedBooter.java:385)
	at org.apache.maven.surefire.booter.ForkedBooter.execute(ForkedBooter.java:162)
	at org.apache.maven.surefire.booter.ForkedBooter.run(ForkedBooter.java:507)
	at org.apache.maven.surefire.booter.ForkedBooter.main(ForkedBooter.java:495)
]]></failure>
  </testcase>
  <testcase name="verifyForgotPwd_fromLoginPage" classname="testCases.TC04_ForgotPassword" time="7.005">
    <system-err><![CDATA[Sep 11, 2025 1:04:16 AM org.openqa.selenium.devtools.CdpVersionFinder findNearestMatch
WARNING: Unable to find CDP implementation matching 140
Sep 11, 2025 1:04:16 AM org.openqa.selenium.chromium.ChromiumDriver lambda$new$5
WARNING: Unable to find version of CDP to use for 140.0.7339.82. You may need to include a dependency on a specific version of the CDP using something similar to `org.seleniumhq.selenium:selenium-devtools-v86:4.15.0` where the version ("v86") matches the version of the chromium-based browser you're using and the version number of the artifact is the same as Selenium's.
]]></system-err>
  </testcase>
  <testcase name="verifyForgotPwd_fromRightColumn" classname="testCases.TC04_ForgotPassword" time="8.45"/>
  <testcase name="verifyForgotPwd_AskValidEmail" classname="testCases.TC04_ForgotPassword" time="7.44"/>
  <testcase name="verifyForgotPwd_SuccessMsg" classname="testCases.TC04_ForgotPassword" time="10.464"/>
  <testcase name="verifyForgotPwd_FailureMsg" classname="testCases.TC04_ForgotPassword" time="10.248"/>
  <testcase name="verifyForgotPwd_FailureMsgIfNoEmail" classname="testCases.TC04_ForgotPassword" time="10.709"/>
  <testcase name="verifyForgotPwd_Placeholder_email" classname="testCases.TC04_ForgotPassword" time="7.124">
    <system-out><![CDATA[E-Mail Address
]]></system-out>
  </testcase>
  <testcase name="verifyForgotPwd_loggingInAfterReset" classname="testCases.TC04_ForgotPassword" time="18.656"/>
  <testcase name="verifyLogout_AfterLogin" classname="testCases.TC03_AccountLogout" time="6.353">
    <system-err><![CDATA[Sep 11, 2025 1:05:42 AM org.openqa.selenium.devtools.CdpVersionFinder findNearestMatch
WARNING: Unable to find CDP implementation matching 140
Sep 11, 2025 1:05:42 AM org.openqa.selenium.chromium.ChromiumDriver lambda$new$5
WARNING: Unable to find version of CDP to use for 140.0.7339.82. You may need to include a dependency on a specific version of the CDP using something similar to `org.seleniumhq.selenium:selenium-devtools-v86:4.15.0` where the version ("v86") matches the version of the chromium-based browser you're using and the version number of the artifact is the same as Selenium's.
]]></system-err>
  </testcase>
  <testcase name="verifyLogout_fromMyAccount" classname="testCases.TC03_AccountLogout" time="9.784"/>
  <testcase name="verifyLogout_fromRightColumn" classname="testCases.TC03_AccountLogout" time="5.273"/>
  <testcase name="verifyLogout_Browseback" classname="testCases.TC03_AccountLogout" time="12.746">
    <failure message="expected [false] but found [true]" type="java.lang.AssertionError"><![CDATA[java.lang.AssertionError: expected [false] but found [true]
	at org.testng.Assert.fail(Assert.java:111)
	at org.testng.Assert.failNotEquals(Assert.java:1590)
	at org.testng.Assert.assertEqualsImpl(Assert.java:150)
	at org.testng.Assert.assertEquals(Assert.java:132)
	at org.testng.Assert.assertEquals(Assert.java:1079)
	at org.testng.Assert.assertEquals(Assert.java:1043)
	at org.testng.Assert.assertEquals(Assert.java:1089)
	at testCases.TC03_AccountLogout.verifyLogout_Browseback(TC03_AccountLogout.java:131)
	at java.base/jdk.internal.reflect.NativeMethodAccessorImpl.invoke0(Native Method)
	at java.base/jdk.internal.reflect.NativeMethodAccessorImpl.invoke(NativeMethodAccessorImpl.java:77)
	at java.base/jdk.internal.reflect.DelegatingMethodAccessorImpl.invoke(DelegatingMethodAccessorImpl.java:43)
	at java.base/java.lang.reflect.Method.invoke(Method.java:568)
	at org.testng.internal.invokers.MethodInvocationHelper.invokeMethod(MethodInvocationHelper.java:141)
	at org.testng.internal.invokers.TestInvoker.invokeMethod(TestInvoker.java:687)
	at org.testng.internal.invokers.TestInvoker.invokeTestMethod(TestInvoker.java:230)
	at org.testng.internal.invokers.MethodRunner.runInSequence(MethodRunner.java:63)
	at org.testng.internal.invokers.TestInvoker$MethodInvocationAgent.invoke(TestInvoker.java:995)
	at org.testng.internal.invokers.TestInvoker.invokeTestMethods(TestInvoker.java:203)
	at org.testng.internal.invokers.TestMethodWorker.invokeTestMethods(TestMethodWorker.java:154)
	at org.testng.internal.invokers.TestMethodWorker.run(TestMethodWorker.java:134)
	at java.base/java.util.ArrayList.forEach(ArrayList.java:1511)
	at org.testng.TestRunner.privateRun(TestRunner.java:741)
	at org.testng.TestRunner.run(TestRunner.java:616)
	at org.testng.SuiteRunner.runTest(SuiteRunner.java:421)
	at org.testng.SuiteRunner.runSequentially(SuiteRunner.java:413)
	at org.testng.SuiteRunner.privateRun(SuiteRunner.java:373)
	at org.testng.SuiteRunner.run(SuiteRunner.java:312)
	at org.testng.SuiteRunnerWorker.runSuite(SuiteRunnerWorker.java:52)
	at org.testng.SuiteRunnerWorker.run(SuiteRunnerWorker.java:95)
	at org.testng.TestNG.runSuitesSequentially(TestNG.java:1274)
	at org.testng.TestNG.runSuitesLocally(TestNG.java:1208)
	at org.testng.TestNG.runSuites(TestNG.java:1112)
	at org.testng.TestNG.run(TestNG.java:1079)
	at org.apache.maven.surefire.testng.TestNGExecutor.run(TestNGExecutor.java:308)
	at org.apache.maven.surefire.testng.TestNGXmlTestSuite.execute(TestNGXmlTestSuite.java:71)
	at org.apache.maven.surefire.testng.TestNGProvider.invoke(TestNGProvider.java:113)
	at org.apache.maven.surefire.booter.ForkedBooter.runSuitesInProcess(ForkedBooter.java:385)
	at org.apache.maven.surefire.booter.ForkedBooter.execute(ForkedBooter.java:162)
	at org.apache.maven.surefire.booter.ForkedBooter.run(ForkedBooter.java:507)
	at org.apache.maven.surefire.booter.ForkedBooter.main(ForkedBooter.java:495)
]]></failure>
  </testcase>
  <testcase name="verifyLogoutNotDisplayedBeforeLoggingIn" classname="testCases.TC03_AccountLogout" time="3.18"/>
  <testcase name="verify_ProperMessageAfterLogout" classname="testCases.TC03_AccountLogout" time="8.565"/>
  <testcase name="verify_productDisplayFromDropdown" classname="testCases.TC06_ProductDetails" time="10.319">
    <system-err><![CDATA[Sep 11, 2025 1:06:30 AM org.openqa.selenium.devtools.CdpVersionFinder findNearestMatch
WARNING: Unable to find CDP implementation matching 140
Sep 11, 2025 1:06:30 AM org.openqa.selenium.chromium.ChromiumDriver lambda$new$5
WARNING: Unable to find version of CDP to use for 140.0.7339.82. You may need to include a dependency on a specific version of the CDP using something similar to `org.seleniumhq.selenium:selenium-devtools-v86:4.15.0` where the version ("v86") matches the version of the chromium-based browser you're using and the version number of the artifact is the same as Selenium's.
]]></system-err>
  </testcase>
  <testcase name="verify_productDisplayFromWishListImg" classname="testCases.TC06_ProductDetails" time="32.334"/>
  <testcase name="verify_productDisplayFromWishListName" classname="testCases.TC06_ProductDetails" time="31.036"/>
  <testcase name="verify_productDisplayFromAddToCartImg" classname="testCases.TC06_ProductDetails" time="29.456"/>
  <testcase name="verify_productDisplayFromConfirmOrder" classname="testCases.TC06_ProductDetails" time="38.415"/>
  <testcase name="verify_AddToCartFromProductDisplay" classname="testCases.TC06_ProductDetails" time="15.425"/>
  <testcase name="verify_navigation_fromSiteMap" classname="testCases.TC05_Search" time="0.773">
    <system-err><![CDATA[Sep 11, 2025 1:09:11 AM org.openqa.selenium.devtools.CdpVersionFinder findNearestMatch
WARNING: Unable to find CDP implementation matching 140
Sep 11, 2025 1:09:11 AM org.openqa.selenium.chromium.ChromiumDriver lambda$new$5
WARNING: Unable to find version of CDP to use for 140.0.7339.82. You may need to include a dependency on a specific version of the CDP using something similar to `org.seleniumhq.selenium:selenium-devtools-v86:4.15.0` where the version ("v86") matches the version of the chromium-based browser you're using and the version number of the artifact is the same as Selenium's.
]]></system-err>
  </testcase>
  <testcase name="verify_search_validProduct" classname="testCases.TC05_Search" time="8.487"/>
  <testcase name="verify_search_invalidProduct" classname="testCases.TC05_Search" time="5.447"/>
  <testcase name="verify_search_emptySearchfield" classname="testCases.TC05_Search" time="5.366"/>
  <testcase name="verify_search_emptySearchfield02" classname="testCases.TC05_Search" time="5.347"/>
  <testcase name="verify_search_AfterLogin" classname="testCases.TC05_Search" time="9.601"/>
  <testcase name="verifyWithoutCheckingSearchInProductDescription" classname="testCases.TC05_Search" time="5.287"/>
  <testcase name="verifyWithoutCheckingSearchInSubCategories" classname="testCases.TC05_Search" time="5.396"/>
  <testcase name="verifyPlaceholders" classname="testCases.TC05_Search" time="1.731"/>
  <testcase name="verifyListView_MultipleProducts" classname="testCases.TC05_Search" time="11.243">
    <system-out><![CDATA[btn btn-default active
]]></system-out>
  </testcase>
  <testcase name="verifyListAndGridViews_MultipleProducts" classname="testCases.TC05_Search" time="5.431"/>
  <testcase name="verifyNavigation_ProductComparePage" classname="testCases.TC05_Search" time="16.851"/>
  <testcase name="verify_navigation_registration" classname="testCases.TC01_AccountRegistration" time="3.9">
    <system-err><![CDATA[Sep 11, 2025 1:10:36 AM org.openqa.selenium.devtools.CdpVersionFinder findNearestMatch
WARNING: Unable to find CDP implementation matching 140
Sep 11, 2025 1:10:36 AM org.openqa.selenium.chromium.ChromiumDriver lambda$new$5
WARNING: Unable to find version of CDP to use for 140.0.7339.82. You may need to include a dependency on a specific version of the CDP using something similar to `org.seleniumhq.selenium:selenium-devtools-v86:4.15.0` where the version ("v86") matches the version of the chromium-based browser you're using and the version number of the artifact is the same as Selenium's.
]]></system-err>
  </testcase>
  <testcase name="verify_account_registration" classname="testCases.TC01_AccountRegistration" time="11.578"/>
  <testcase name="verifyAccountReg_invalid_email[7gqcw4fuinxw@hotmail.com, 9447975642, baselal, k](1)" classname="testCases.TC01_AccountRegistration" time="29.992"/>
  <testcase name="verify_account_reg_invalid_fname[ghkw020ea78e03@gmail.com, 9447975642, liya)*, shaji](1)" classname="testCases.TC01_AccountRegistration" time="30.419"/>
  <testcase name="verify_account_reg_invalid_lname[zakaria.witt@outlook.com, 9447975642, liya, shaji((&amp;](1)" classname="testCases.TC01_AccountRegistration" time="30.078"/>
  <testcase name="verifyAccountReg_invalid_phno[joshiah.baxter@hotmail.com, 21245, baselal, k](1)" classname="testCases.TC01_AccountRegistration" time="29.903"/>
  <testcase name="verifyAccountReg_AlreadyRegEmail[jai.hopper@msn.com, 944683642, luiuyh, ghgh](1)" classname="testCases.TC01_AccountRegistration" time="29.981"/>
  <testcase name="verifyAccountReg_invalidPwd[darrach.keith@googlemail.com, 944683642, luiuyh, fdg, ff](1)" classname="testCases.TC01_AccountRegistration" time="29.975"/>
  <testcase name="verifyAccountReg_hiddenPwd" classname="testCases.TC01_AccountRegistration" time="6.583"/>
  <testcase name="verifyAccountReg_DiffPwd[maddison.wood@comcast.net, 9447975642, liya, shaji](1)" classname="testCases.TC01_AccountRegistration" time="30.038"/>
  <testcase name="verifyAccountReg_DiffPwd[n1ny1snmze@googlemail.com, 9446835642, baselal, k](2)" classname="testCases.TC01_AccountRegistration" time="30.411"/>
  <testcase name="verifyAccountReg_NotAgree[maddison.wood@comcast.net, 9447975642, liya, shaji](1)" classname="testCases.TC01_AccountRegistration" time="30.415"/>
  <testcase name="verifyAccountReg_NotAgree[n1ny1snmze@googlemail.com, 9446835642, baselal, k](2)" classname="testCases.TC01_AccountRegistration" time="30.904"/>
  <testcase name="verifyAccReg_notGivingAllMandatoryDetails" classname="testCases.TC01_AccountRegistration" time="29.928"/>
  <testcase name="verifyAccReg_notGivingAllMandatoryDetails2" classname="testCases.TC01_AccountRegistration" time="32.849"/>
  <testcase name="verifyAccReg_newsletterYes" classname="testCases.TC01_AccountRegistration" time="16.364"/>
  <testcase name="verifyAccReg_newsletterNo" classname="testCases.TC01_AccountRegistration" time="16.77"/>
  <testcase name="verify_navigation2_reg" classname="testCases.TC01_AccountRegistration" time="4.667"/>
  <testcase name="verify_navigation3_reg" classname="testCases.TC01_AccountRegistration" time="0.664"/>
  <testcase name="verifyAccReg_Keyboard" classname="testCases.TC01_AccountRegistration" time="37.608">
    <failure message="expected [Your Account Has Been Created!] but found [no such element: Unable to locate element: {&quot;method&quot;:&quot;xpath&quot;,&quot;selector&quot;:&quot;//h1[normalize-space()=&apos;Your Account Has Been Created!&apos;]&quot;}&#10;  (Session info: chrome=140.0.7339.82)&#10;For documentation on this error, please visit: https://www.selenium.dev/documentation/webdriver/troubleshooting/errors#no-such-element-exception&#10;Build info: version: &apos;4.15.0&apos;, revision: &apos;1d14b5521b&apos;&#10;System info: os.name: &apos;Windows 11&apos;, os.arch: &apos;amd64&apos;, os.version: &apos;10.0&apos;, java.version: &apos;17.0.12&apos;&#10;Driver info: org.openqa.selenium.chrome.ChromeDriver&#10;Command: [338d1172cad94a8088e0a7c436b30b95, findElement {using=xpath, value=//h1[normalize-space()=&apos;Your Account Has Been Created!&apos;]}]&#10;Capabilities {acceptInsecureCerts: false, browserName: chrome, browserVersion: 140.0.7339.82, chrome: {chromedriverVersion: 140.0.7339.82 (bc93617e21c3..., userDataDir: C:\Users\user\AppData\Local...}, fedcm:accounts: true, goog:chromeOptions: {debuggerAddress: localhost:55033}, networkConnectionEnabled: false, pageLoadStrategy: normal, platformName: windows, proxy: Proxy(), se:cdp: ws://localhost:55033/devtoo..., se:cdpVersion: 140.0.7339.82, setWindowRect: true, strictFileInteractability: false, timeouts: {implicit: 0, pageLoad: 300000, script: 30000}, unhandledPromptBehavior: dismiss and notify, webauthn:extension:credBlob: true, webauthn:extension:largeBlob: true, webauthn:extension:minPinLength: true, webauthn:extension:prf: true, webauthn:virtualAuthenticators: true}&#10;Session ID: 338d1172cad94a8088e0a7c436b30b95]" type="java.lang.AssertionError"><![CDATA[java.lang.AssertionError: 
expected [Your Account Has Been Created!] but found [no such element: Unable to locate element: {"method":"xpath","selector":"//h1[normalize-space()='Your Account Has Been Created!']"}
  (Session info: chrome=140.0.7339.82)
For documentation on this error, please visit: https://www.selenium.dev/documentation/webdriver/troubleshooting/errors#no-such-element-exception
Build info: version: '4.15.0', revision: '1d14b5521b'
System info: os.name: 'Windows 11', os.arch: 'amd64', os.version: '10.0', java.version: '17.0.12'
Driver info: org.openqa.selenium.chrome.ChromeDriver
Command: [338d1172cad94a8088e0a7c436b30b95, findElement {using=xpath, value=//h1[normalize-space()='Your Account Has Been Created!']}]
Capabilities {acceptInsecureCerts: false, browserName: chrome, browserVersion: 140.0.7339.82, chrome: {chromedriverVersion: 140.0.7339.82 (bc93617e21c3..., userDataDir: C:\Users\user\AppData\Local...}, fedcm:accounts: true, goog:chromeOptions: {debuggerAddress: localhost:55033}, networkConnectionEnabled: false, pageLoadStrategy: normal, platformName: windows, proxy: Proxy(), se:cdp: ws://localhost:55033/devtoo..., se:cdpVersion: 140.0.7339.82, setWindowRect: true, strictFileInteractability: false, timeouts: {implicit: 0, pageLoad: 300000, script: 30000}, unhandledPromptBehavior: dismiss and notify, webauthn:extension:credBlob: true, webauthn:extension:largeBlob: true, webauthn:extension:minPinLength: true, webauthn:extension:prf: true, webauthn:virtualAuthenticators: true}
Session ID: 338d1172cad94a8088e0a7c436b30b95]
	at org.testng.Assert.fail(Assert.java:111)
	at org.testng.Assert.failNotEquals(Assert.java:1590)
	at org.testng.Assert.assertEqualsImpl(Assert.java:150)
	at org.testng.Assert.assertEquals(Assert.java:132)
	at org.testng.Assert.assertEquals(Assert.java:656)
	at org.testng.Assert.assertEquals(Assert.java:666)
	at testCases.TC01_AccountRegistration.verifyAccReg_Keyboard(TC01_AccountRegistration.java:699)
	at java.base/jdk.internal.reflect.NativeMethodAccessorImpl.invoke0(Native Method)
	at java.base/jdk.internal.reflect.NativeMethodAccessorImpl.invoke(NativeMethodAccessorImpl.java:77)
	at java.base/jdk.internal.reflect.DelegatingMethodAccessorImpl.invoke(DelegatingMethodAccessorImpl.java:43)
	at java.base/java.lang.reflect.Method.invoke(Method.java:568)
	at org.testng.internal.invokers.MethodInvocationHelper.invokeMethod(MethodInvocationHelper.java:141)
	at org.testng.internal.invokers.TestInvoker.invokeMethod(TestInvoker.java:687)
	at org.testng.internal.invokers.TestInvoker.invokeTestMethod(TestInvoker.java:230)
	at org.testng.internal.invokers.MethodRunner.runInSequence(MethodRunner.java:63)
	at org.testng.internal.invokers.TestInvoker$MethodInvocationAgent.invoke(TestInvoker.java:995)
	at org.testng.internal.invokers.TestInvoker.invokeTestMethods(TestInvoker.java:203)
	at org.testng.internal.invokers.TestMethodWorker.invokeTestMethods(TestMethodWorker.java:154)
	at org.testng.internal.invokers.TestMethodWorker.run(TestMethodWorker.java:134)
	at java.base/java.util.ArrayList.forEach(ArrayList.java:1511)
	at org.testng.TestRunner.privateRun(TestRunner.java:741)
	at org.testng.TestRunner.run(TestRunner.java:616)
	at org.testng.SuiteRunner.runTest(SuiteRunner.java:421)
	at org.testng.SuiteRunner.runSequentially(SuiteRunner.java:413)
	at org.testng.SuiteRunner.privateRun(SuiteRunner.java:373)
	at org.testng.SuiteRunner.run(SuiteRunner.java:312)
	at org.testng.SuiteRunnerWorker.runSuite(SuiteRunnerWorker.java:52)
	at org.testng.SuiteRunnerWorker.run(SuiteRunnerWorker.java:95)
	at org.testng.TestNG.runSuitesSequentially(TestNG.java:1274)
	at org.testng.TestNG.runSuitesLocally(TestNG.java:1208)
	at org.testng.TestNG.runSuites(TestNG.java:1112)
	at org.testng.TestNG.run(TestNG.java:1079)
	at org.apache.maven.surefire.testng.TestNGExecutor.run(TestNGExecutor.java:308)
	at org.apache.maven.surefire.testng.TestNGXmlTestSuite.execute(TestNGXmlTestSuite.java:71)
	at org.apache.maven.surefire.testng.TestNGProvider.invoke(TestNGProvider.java:113)
	at org.apache.maven.surefire.booter.ForkedBooter.runSuitesInProcess(ForkedBooter.java:385)
	at org.apache.maven.surefire.booter.ForkedBooter.execute(ForkedBooter.java:162)
	at org.apache.maven.surefire.booter.ForkedBooter.run(ForkedBooter.java:507)
	at org.apache.maven.surefire.booter.ForkedBooter.main(ForkedBooter.java:495)
]]></failure>
  </testcase>
  <testcase name="verifyAccReg_onlySpaces" classname="testCases.TC01_AccountRegistration" time="32.987"/>
  <testcase name="verifyAccReg_onlySpaces2" classname="testCases.TC01_AccountRegistration" time="33.005"/>
  <testcase name="verifyAccReg_placeholders" classname="testCases.TC01_AccountRegistration" time="6.941"/>
  <testcase name="verifyAccReg_PrivacyPolicy" classname="testCases.TC01_AccountRegistration" time="7.058"/>
</testsuite>